2024-11-04 10:05:34.132 +05:30 [INF] Application starting up...
2024-11-04 10:05:36.061 +05:30 [WRN] Overriding address(es) 'http://*:5000'. Binding to endpoints defined via IConfiguration and/or UseKestrel() instead.
2024-11-04 10:34:06.508 +05:30 [INF] This is an Registerationform enters
2024-11-04 10:34:08.255 +05:30 [INF] This is an Registerationform try enters
2024-11-04 10:34:15.989 +05:30 [INF] This is an AddRegistrationAsync method enters
2024-11-04 10:34:18.883 +05:30 [INF] This is an AddRegistrationAsync try enters
2024-11-04 10:34:18.885 +05:30 [INF] This is an AddRegistrationAsync dbconnection enters Host=localhost;Database=TNEB;Username=postgres;Password=admin@123
2024-11-04 10:34:37.727 +05:30 [INF] This is an AddRegistrationAsync catch enters Npgsql.PostgresException (0x80004005): 42703: column "pswrd" does not exist

POSITION: 163
   at Npgsql.Internal.NpgsqlConnector.<ReadMessage>g__ReadMessageLong|223_0(NpgsqlConnector connector, Boolean async, DataRowLoadingMode dataRowLoadingMode, Boolean readingNotifications, Boolean isReadingPrependedMessage)
   at Npgsql.NpgsqlDataReader.NextResult(Boolean async, Boolean isConsuming, CancellationToken cancellationToken)
   at Npgsql.NpgsqlCommand.ExecuteReader(CommandBehavior behavior, Boolean async, CancellationToken cancellationToken)
   at Npgsql.NpgsqlCommand.ExecuteReader(CommandBehavior behavior, Boolean async, CancellationToken cancellationToken)
   at Npgsql.NpgsqlCommand.ExecuteScalar(Boolean async, CancellationToken cancellationToken)
   at TNEB.BusinessLogics.Logics.Registration.AddRegistrationAsync(RegistrationDetails registrationDetails) in D:\TNEB_WEB_BACKEND\TNEB Project\TNEB.BusinessLogics\Logics\Registration.cs:line 55
  Exception data:
    Severity: ERROR
    SqlState: 42703
    MessageText: column "pswrd" does not exist
    Position: 163
    File: parse_relation.c
    Line: 3675
    Routine: errorMissingColumn
2024-11-04 10:34:42.363 +05:30 [INF] This is an Registerationform Internal Server enters
2024-11-04 10:38:31.643 +05:30 [INF] Application starting up...
2024-11-04 10:38:34.733 +05:30 [WRN] Overriding address(es) 'http://*:5000'. Binding to endpoints defined via IConfiguration and/or UseKestrel() instead.
2024-11-04 10:46:45.510 +05:30 [INF] Application starting up...
2024-11-04 10:46:50.830 +05:30 [WRN] Overriding address(es) 'http://*:5000'. Binding to endpoints defined via IConfiguration and/or UseKestrel() instead.
2024-11-04 11:13:30.255 +05:30 [INF] Application starting up...
2024-11-04 11:13:32.466 +05:30 [WRN] Overriding address(es) 'http://*:5000'. Binding to endpoints defined via IConfiguration and/or UseKestrel() instead.
2024-11-04 11:17:54.857 +05:30 [INF] Application starting up...
2024-11-04 11:17:56.043 +05:30 [WRN] Overriding address(es) 'http://*:5000'. Binding to endpoints defined via IConfiguration and/or UseKestrel() instead.
2024-11-04 11:18:55.524 +05:30 [INF] Application starting up...
2024-11-04 11:18:56.194 +05:30 [WRN] Overriding address(es) 'http://*:5000'. Binding to endpoints defined via IConfiguration and/or UseKestrel() instead.
2024-11-04 11:41:39.396 +05:30 [INF] Application starting up...
2024-11-04 11:41:40.068 +05:30 [WRN] Overriding address(es) 'http://*:5000'. Binding to endpoints defined via IConfiguration and/or UseKestrel() instead.
2024-11-04 11:42:06.322 +05:30 [INF] This is an Registerationform enters
2024-11-04 11:42:13.981 +05:30 [INF] This is an Registerationform try enters
2024-11-04 11:42:22.609 +05:30 [INF] This is an AddRegistrationAsync method enters
2024-11-04 11:42:29.430 +05:30 [INF] This is an AddRegistrationAsync try enters
2024-11-04 11:42:29.441 +05:30 [INF] This is an AddRegistrationAsync dbconnection enters Host=localhost;Database=TNEB;Username=postgres;Password=admin@123
2024-11-04 11:43:02.321 +05:30 [INF] This is an AddRegistrationAsync catch enters Npgsql.PostgresException (0x80004005): 42703: column "pswrd" does not exist

POSITION: 163
   at Npgsql.Internal.NpgsqlConnector.<ReadMessage>g__ReadMessageLong|223_0(NpgsqlConnector connector, Boolean async, DataRowLoadingMode dataRowLoadingMode, Boolean readingNotifications, Boolean isReadingPrependedMessage)
   at Npgsql.NpgsqlDataReader.NextResult(Boolean async, Boolean isConsuming, CancellationToken cancellationToken)
   at Npgsql.NpgsqlCommand.ExecuteReader(CommandBehavior behavior, Boolean async, CancellationToken cancellationToken)
   at Npgsql.NpgsqlCommand.ExecuteReader(CommandBehavior behavior, Boolean async, CancellationToken cancellationToken)
   at Npgsql.NpgsqlCommand.ExecuteScalar(Boolean async, CancellationToken cancellationToken)
   at TNEB.BusinessLogics.Logics.Registration.AddRegistrationAsync(RegistrationDetails registrationDetails) in D:\TNEB_WEB_BACKEND\TNEB Project\TNEB.BusinessLogics\Logics\Registration.cs:line 55
  Exception data:
    Severity: ERROR
    SqlState: 42703
    MessageText: column "pswrd" does not exist
    Position: 163
    File: parse_relation.c
    Line: 3675
    Routine: errorMissingColumn
2024-11-04 11:43:08.986 +05:30 [INF] This is an Registerationform Internal Server enters
2024-11-04 11:43:36.402 +05:30 [INF] This is an Registerationform enters
2024-11-04 11:43:37.255 +05:30 [INF] This is an Registerationform try enters
2024-11-04 11:43:39.657 +05:30 [INF] This is an AddRegistrationAsync method enters
2024-11-04 11:44:02.262 +05:30 [INF] This is an AddRegistrationAsync try enters
2024-11-04 11:44:02.274 +05:30 [INF] This is an AddRegistrationAsync dbconnection enters Host=localhost;Database=TNEB;Username=postgres;Password=admin@123
2024-11-04 11:44:33.947 +05:30 [INF] This is an AddRegistrationAsync catch enters Npgsql.PostgresException (0x80004005): 42703: column "pswrd" does not exist

POSITION: 163
   at Npgsql.Internal.NpgsqlConnector.<ReadMessage>g__ReadMessageLong|223_0(NpgsqlConnector connector, Boolean async, DataRowLoadingMode dataRowLoadingMode, Boolean readingNotifications, Boolean isReadingPrependedMessage)
   at Npgsql.NpgsqlDataReader.NextResult(Boolean async, Boolean isConsuming, CancellationToken cancellationToken)
   at Npgsql.NpgsqlCommand.ExecuteReader(CommandBehavior behavior, Boolean async, CancellationToken cancellationToken)
   at Npgsql.NpgsqlCommand.ExecuteReader(CommandBehavior behavior, Boolean async, CancellationToken cancellationToken)
   at Npgsql.NpgsqlCommand.ExecuteScalar(Boolean async, CancellationToken cancellationToken)
   at TNEB.BusinessLogics.Logics.Registration.AddRegistrationAsync(RegistrationDetails registrationDetails) in D:\TNEB_WEB_BACKEND\TNEB Project\TNEB.BusinessLogics\Logics\Registration.cs:line 55
  Exception data:
    Severity: ERROR
    SqlState: 42703
    MessageText: column "pswrd" does not exist
    Position: 163
    File: parse_relation.c
    Line: 3675
    Routine: errorMissingColumn
2024-11-04 11:44:35.075 +05:30 [INF] This is an Registerationform Internal Server enters
2024-11-04 11:46:54.675 +05:30 [INF] Application starting up...
2024-11-04 11:46:55.776 +05:30 [WRN] Overriding address(es) 'http://*:5000'. Binding to endpoints defined via IConfiguration and/or UseKestrel() instead.
2024-11-04 11:47:22.016 +05:30 [INF] This is an Registerationform enters
2024-11-04 11:47:23.857 +05:30 [INF] This is an Registerationform try enters
2024-11-04 11:47:27.976 +05:30 [INF] This is an AddRegistrationAsync method enters
2024-11-04 11:47:37.285 +05:30 [INF] This is an AddRegistrationAsync try enters
2024-11-04 11:47:37.362 +05:30 [INF] This is an AddRegistrationAsync dbconnection enters Host=localhost;Database=TNEB;Username=postgres;Password=admin@123
2024-11-04 11:48:02.130 +05:30 [INF] This is an AddRegistrationAsync catch enters Npgsql.PostgresException (0x80004005): 22001: value too long for type character varying(10)
   at Npgsql.Internal.NpgsqlConnector.<ReadMessage>g__ReadMessageLong|223_0(NpgsqlConnector connector, Boolean async, DataRowLoadingMode dataRowLoadingMode, Boolean readingNotifications, Boolean isReadingPrependedMessage)
   at Npgsql.NpgsqlDataReader.NextResult(Boolean async, Boolean isConsuming, CancellationToken cancellationToken)
   at Npgsql.NpgsqlCommand.ExecuteReader(CommandBehavior behavior, Boolean async, CancellationToken cancellationToken)
   at Npgsql.NpgsqlCommand.ExecuteReader(CommandBehavior behavior, Boolean async, CancellationToken cancellationToken)
   at Npgsql.NpgsqlCommand.ExecuteScalar(Boolean async, CancellationToken cancellationToken)
   at TNEB.BusinessLogics.Logics.Registration.AddRegistrationAsync(RegistrationDetails registrationDetails) in D:\TNEB_WEB_BACKEND\TNEB Project\TNEB.BusinessLogics\Logics\Registration.cs:line 56
  Exception data:
    Severity: ERROR
    SqlState: 22001
    MessageText: value too long for type character varying(10)
    File: varchar.c
    Line: 635
    Routine: varchar
2024-11-04 11:48:04.593 +05:30 [INF] This is an Registerationform Internal Server enters
2024-11-04 11:48:19.866 +05:30 [INF] This is an Registerationform enters
2024-11-04 11:48:20.949 +05:30 [INF] This is an Registerationform try enters
2024-11-04 11:48:23.043 +05:30 [INF] This is an AddRegistrationAsync method enters
2024-11-04 11:48:30.200 +05:30 [INF] This is an AddRegistrationAsync try enters
2024-11-04 11:48:30.203 +05:30 [INF] This is an AddRegistrationAsync dbconnection enters Host=localhost;Database=TNEB;Username=postgres;Password=admin@123
2024-11-04 11:49:21.631 +05:30 [INF] This is an AddRegistrationAsync catch enters Npgsql.PostgresException (0x80004005): 22001: value too long for type character varying(10)
   at Npgsql.Internal.NpgsqlConnector.<ReadMessage>g__ReadMessageLong|223_0(NpgsqlConnector connector, Boolean async, DataRowLoadingMode dataRowLoadingMode, Boolean readingNotifications, Boolean isReadingPrependedMessage)
   at Npgsql.NpgsqlDataReader.NextResult(Boolean async, Boolean isConsuming, CancellationToken cancellationToken)
   at Npgsql.NpgsqlCommand.ExecuteReader(CommandBehavior behavior, Boolean async, CancellationToken cancellationToken)
   at Npgsql.NpgsqlCommand.ExecuteReader(CommandBehavior behavior, Boolean async, CancellationToken cancellationToken)
   at Npgsql.NpgsqlCommand.ExecuteScalar(Boolean async, CancellationToken cancellationToken)
   at TNEB.BusinessLogics.Logics.Registration.AddRegistrationAsync(RegistrationDetails registrationDetails) in D:\TNEB_WEB_BACKEND\TNEB Project\TNEB.BusinessLogics\Logics\Registration.cs:line 56
  Exception data:
    Severity: ERROR
    SqlState: 22001
    MessageText: value too long for type character varying(10)
    File: varchar.c
    Line: 635
    Routine: varchar
2024-11-04 11:49:22.973 +05:30 [INF] This is an Registerationform Internal Server enters
2024-11-04 11:52:05.971 +05:30 [INF] Application starting up...
2024-11-04 11:52:10.440 +05:30 [WRN] Overriding address(es) 'http://*:5000'. Binding to endpoints defined via IConfiguration and/or UseKestrel() instead.
2024-11-04 11:52:45.039 +05:30 [INF] This is an Registerationform enters
2024-11-04 11:52:46.714 +05:30 [INF] This is an Registerationform try enters
2024-11-04 11:52:51.743 +05:30 [INF] This is an AddRegistrationAsync method enters
2024-11-04 11:52:54.014 +05:30 [INF] This is an AddRegistrationAsync try enters
2024-11-04 11:52:54.016 +05:30 [INF] This is an AddRegistrationAsync dbconnection enters Host=localhost;Database=TNEB;Username=postgres;Password=admin@123
2024-11-04 11:53:05.268 +05:30 [INF] This is an AddRegistrationAsync catch enters
2024-11-04 11:53:15.743 +05:30 [INF] This is an Registerationform success enters
2024-11-04 11:54:43.757 +05:30 [INF] This is an Registerationform enters
2024-11-04 11:54:43.785 +05:30 [INF] This is an Registerationform try enters
2024-11-04 11:54:58.267 +05:30 [INF] This is an AddRegistrationAsync method enters
2024-11-04 11:54:58.280 +05:30 [INF] This is an AddRegistrationAsync try enters
2024-11-04 11:54:58.285 +05:30 [INF] This is an AddRegistrationAsync dbconnection enters Host=localhost;Database=TNEB;Username=postgres;Password=admin@123
2024-11-04 11:54:59.551 +05:30 [INF] This is an AddRegistrationAsync catch enters
2024-11-04 11:55:01.294 +05:30 [INF] This is an Registerationform success enters
2024-11-04 11:57:09.509 +05:30 [INF] This is an Registerationform enters
2024-11-04 11:57:09.535 +05:30 [INF] This is an Registerationform try enters
2024-11-04 11:57:11.633 +05:30 [INF] This is an AddRegistrationAsync method enters
2024-11-04 11:57:11.644 +05:30 [INF] This is an AddRegistrationAsync try enters
2024-11-04 11:57:11.648 +05:30 [INF] This is an AddRegistrationAsync dbconnection enters Host=localhost;Database=TNEB;Username=postgres;Password=admin@123
2024-11-04 11:57:12.696 +05:30 [INF] This is an AddRegistrationAsync catch enters
2024-11-04 11:57:14.955 +05:30 [INF] This is an Registerationform success enters
2024-11-04 12:02:30.455 +05:30 [INF] This is an Registerationform enters
2024-11-04 12:02:30.480 +05:30 [INF] This is an Registerationform try enters
2024-11-04 12:02:33.875 +05:30 [INF] This is an AddRegistrationAsync method enters
2024-11-04 12:02:33.891 +05:30 [INF] This is an AddRegistrationAsync try enters
2024-11-04 12:02:33.895 +05:30 [INF] This is an AddRegistrationAsync dbconnection enters Host=localhost;Database=TNEB;Username=postgres;Password=admin@123
2024-11-04 12:02:35.445 +05:30 [INF] This is an AddRegistrationAsync catch enters
2024-11-04 12:02:37.937 +05:30 [INF] This is an Registerationform success enters
2024-11-04 12:06:11.313 +05:30 [INF] This is an Registerationform enters
2024-11-04 12:06:11.423 +05:30 [INF] This is an Registerationform try enters
2024-11-04 12:06:12.809 +05:30 [INF] This is an AddRegistrationAsync method enters
2024-11-04 12:06:12.811 +05:30 [INF] This is an AddRegistrationAsync try enters
2024-11-04 12:06:12.815 +05:30 [INF] This is an AddRegistrationAsync dbconnection enters Host=localhost;Database=TNEB;Username=postgres;Password=admin@123
2024-11-04 12:06:14.337 +05:30 [INF] This is an AddRegistrationAsync catch enters
2024-11-04 12:06:17.360 +05:30 [INF] This is an Registerationform success enters
2024-11-04 13:58:27.711 +05:30 [INF] Application starting up...
2024-11-04 13:58:29.015 +05:30 [WRN] Overriding address(es) 'http://*:5000'. Binding to endpoints defined via IConfiguration and/or UseKestrel() instead.
2024-11-04 13:59:08.971 +05:30 [INF] This is an Registerationform enters
2024-11-04 13:59:09.011 +05:30 [INF] This is an Registerationform try enters
2024-11-04 13:59:12.347 +05:30 [INF] This is an AddRegistrationAsync method enters
2024-11-04 13:59:12.351 +05:30 [INF] This is an AddRegistrationAsync try enters
2024-11-04 13:59:12.355 +05:30 [INF] This is an AddRegistrationAsync dbconnection enters Host=localhost;Database=TNEB;Username=postgres;Password=admin@123
2024-11-04 13:59:15.354 +05:30 [INF] This is an AddRegistrationAsync catch enters
2024-11-04 13:59:16.665 +05:30 [INF] This is an Registerationform success enters
2024-11-04 14:03:48.414 +05:30 [INF] This is an Registerationform enters
2024-11-04 14:03:48.461 +05:30 [INF] This is an Registerationform try enters
2024-11-04 14:03:56.110 +05:30 [INF] This is an AddRegistrationAsync method enters
2024-11-04 14:03:56.150 +05:30 [INF] This is an AddRegistrationAsync try enters
2024-11-04 14:03:56.152 +05:30 [INF] This is an AddRegistrationAsync dbconnection enters Host=localhost;Database=TNEB;Username=postgres;Password=admin@123
2024-11-04 14:04:00.823 +05:30 [INF] This is an AddRegistrationAsync catch enters
2024-11-04 14:04:02.334 +05:30 [INF] This is an Registerationform success enters
2024-11-04 14:06:23.154 +05:30 [INF] This is an Registerationform enters
2024-11-04 14:06:23.383 +05:30 [INF] This is an Registerationform try enters
2024-11-04 14:06:25.075 +05:30 [INF] This is an AddRegistrationAsync method enters
2024-11-04 14:06:25.079 +05:30 [INF] This is an AddRegistrationAsync try enters
2024-11-04 14:06:25.081 +05:30 [INF] This is an AddRegistrationAsync dbconnection enters Host=localhost;Database=TNEB;Username=postgres;Password=admin@123
2024-11-04 14:06:27.481 +05:30 [INF] This is an AddRegistrationAsync catch enters
2024-11-04 14:06:28.347 +05:30 [INF] This is an Registerationform success enters
2024-11-04 14:08:08.142 +05:30 [INF] This is an Registerationform enters
2024-11-04 14:08:08.153 +05:30 [INF] This is an Registerationform try enters
2024-11-04 14:08:09.126 +05:30 [INF] This is an AddRegistrationAsync method enters
2024-11-04 14:08:09.132 +05:30 [INF] This is an AddRegistrationAsync try enters
2024-11-04 14:08:09.134 +05:30 [INF] This is an AddRegistrationAsync dbconnection enters Host=localhost;Database=TNEB;Username=postgres;Password=admin@123
2024-11-04 14:08:09.501 +05:30 [INF] This is an AddRegistrationAsync catch enters
2024-11-04 14:08:10.173 +05:30 [INF] This is an Registerationform success enters
2024-11-04 14:37:22.188 +05:30 [INF] Application starting up...
2024-11-04 14:37:23.007 +05:30 [WRN] Overriding address(es) 'http://*:5000'. Binding to endpoints defined via IConfiguration and/or UseKestrel() instead.
2024-11-04 14:38:11.740 +05:30 [INF] This is an Registerationform enters
2024-11-04 14:38:11.773 +05:30 [INF] This is an Registerationform try enters
2024-11-04 14:38:21.713 +05:30 [INF] This is an AddRegistrationAsync method enters
2024-11-04 14:38:21.765 +05:30 [INF] This is an AddRegistrationAsync try enters
2024-11-04 14:38:21.766 +05:30 [INF] This is an AddRegistrationAsync dbconnection enters Host=localhost;Database=TNEB;Username=postgres;Password=admin@123
2024-11-04 14:38:32.799 +05:30 [INF] This is an AddRegistrationAsync catch enters Npgsql.PostgresException (0x80004005): 42703: column "portaltype" of relation "registration" does not exist

POSITION: 78
   at Npgsql.Internal.NpgsqlConnector.<ReadMessage>g__ReadMessageLong|223_0(NpgsqlConnector connector, Boolean async, DataRowLoadingMode dataRowLoadingMode, Boolean readingNotifications, Boolean isReadingPrependedMessage)
   at Npgsql.NpgsqlDataReader.NextResult(Boolean async, Boolean isConsuming, CancellationToken cancellationToken)
   at Npgsql.NpgsqlCommand.ExecuteReader(CommandBehavior behavior, Boolean async, CancellationToken cancellationToken)
   at Npgsql.NpgsqlCommand.ExecuteReader(CommandBehavior behavior, Boolean async, CancellationToken cancellationToken)
   at Npgsql.NpgsqlCommand.ExecuteScalar(Boolean async, CancellationToken cancellationToken)
   at TNEB.BusinessLogics.Logics.Registration.AddRegistrationAsync(RegistrationDetails registrationDetails) in D:\TNEB_WEB_BACKEND\TNEB Project\TNEB.BusinessLogics\Logics\Registration.cs:line 59
  Exception data:
    Severity: ERROR
    SqlState: 42703
    MessageText: column "portaltype" of relation "registration" does not exist
    Position: 78
    File: parse_target.c
    Line: 1080
    Routine: checkInsertTargets
2024-11-04 14:38:36.060 +05:30 [INF] This is an Registerationform Internal Server enters
2024-11-04 14:40:01.608 +05:30 [INF] Application starting up...
2024-11-04 14:40:02.387 +05:30 [WRN] Overriding address(es) 'http://*:5000'. Binding to endpoints defined via IConfiguration and/or UseKestrel() instead.
2024-11-04 14:40:26.906 +05:30 [INF] This is an Registerationform enters
2024-11-04 14:40:26.915 +05:30 [INF] This is an Registerationform try enters
2024-11-04 14:40:33.711 +05:30 [INF] This is an AddRegistrationAsync method enters
2024-11-04 14:40:33.761 +05:30 [INF] This is an AddRegistrationAsync try enters
2024-11-04 14:40:33.766 +05:30 [INF] This is an AddRegistrationAsync dbconnection enters Host=localhost;Database=TNEB;Username=postgres;Password=admin@123
2024-11-04 14:42:33.971 +05:30 [INF] Application starting up...
2024-11-04 14:42:34.784 +05:30 [WRN] Overriding address(es) 'http://*:5000'. Binding to endpoints defined via IConfiguration and/or UseKestrel() instead.
2024-11-04 14:42:54.487 +05:30 [INF] This is an Registerationform enters
2024-11-04 14:42:54.496 +05:30 [INF] This is an Registerationform try enters
2024-11-04 14:42:56.051 +05:30 [INF] This is an AddRegistrationAsync method enters
2024-11-04 14:42:56.126 +05:30 [INF] This is an AddRegistrationAsync try enters
2024-11-04 14:42:56.135 +05:30 [INF] This is an AddRegistrationAsync dbconnection enters Host=localhost;Database=TNEB;Username=postgres;Password=admin@123
2024-11-04 14:43:44.954 +05:30 [INF] This is an AddRegistrationAsync catch enters Npgsql.PostgresException (0x80004005): 42703: column "portaltype" of relation "registration" does not exist

POSITION: 78
   at Npgsql.Internal.NpgsqlConnector.<ReadMessage>g__ReadMessageLong|223_0(NpgsqlConnector connector, Boolean async, DataRowLoadingMode dataRowLoadingMode, Boolean readingNotifications, Boolean isReadingPrependedMessage)
   at Npgsql.NpgsqlDataReader.NextResult(Boolean async, Boolean isConsuming, CancellationToken cancellationToken)
   at Npgsql.NpgsqlCommand.ExecuteReader(CommandBehavior behavior, Boolean async, CancellationToken cancellationToken)
   at Npgsql.NpgsqlCommand.ExecuteReader(CommandBehavior behavior, Boolean async, CancellationToken cancellationToken)
   at Npgsql.NpgsqlCommand.ExecuteScalar(Boolean async, CancellationToken cancellationToken)
   at TNEB.BusinessLogics.Logics.Registration.AddRegistrationAsync(RegistrationDetails registrationDetails) in D:\TNEB_WEB_BACKEND\TNEB Project\TNEB.BusinessLogics\Logics\Registration.cs:line 59
  Exception data:
    Severity: ERROR
    SqlState: 42703
    MessageText: column "portaltype" of relation "registration" does not exist
    Position: 78
    File: parse_target.c
    Line: 1080
    Routine: checkInsertTargets
2024-11-04 14:44:35.973 +05:30 [INF] Application starting up...
2024-11-04 14:44:36.692 +05:30 [WRN] Overriding address(es) 'http://*:5000'. Binding to endpoints defined via IConfiguration and/or UseKestrel() instead.
2024-11-04 14:44:55.350 +05:30 [INF] This is an Registerationform enters
2024-11-04 14:44:55.359 +05:30 [INF] This is an Registerationform try enters
2024-11-04 14:44:55.982 +05:30 [INF] This is an AddRegistrationAsync method enters
2024-11-04 14:44:56.110 +05:30 [INF] This is an AddRegistrationAsync try enters
2024-11-04 14:44:56.111 +05:30 [INF] This is an AddRegistrationAsync dbconnection enters Host=localhost;Database=TNEB;Username=postgres;Password=admin@123
2024-11-04 14:45:15.244 +05:30 [INF] This is an AddRegistrationAsync catch enters Npgsql.PostgresException (0x80004005): 22001: value too long for type character varying(30)
   at Npgsql.Internal.NpgsqlConnector.<ReadMessage>g__ReadMessageLong|223_0(NpgsqlConnector connector, Boolean async, DataRowLoadingMode dataRowLoadingMode, Boolean readingNotifications, Boolean isReadingPrependedMessage)
   at Npgsql.NpgsqlDataReader.NextResult(Boolean async, Boolean isConsuming, CancellationToken cancellationToken)
   at Npgsql.NpgsqlCommand.ExecuteReader(CommandBehavior behavior, Boolean async, CancellationToken cancellationToken)
   at Npgsql.NpgsqlCommand.ExecuteReader(CommandBehavior behavior, Boolean async, CancellationToken cancellationToken)
   at Npgsql.NpgsqlCommand.ExecuteScalar(Boolean async, CancellationToken cancellationToken)
   at TNEB.BusinessLogics.Logics.Registration.AddRegistrationAsync(RegistrationDetails registrationDetails) in D:\TNEB_WEB_BACKEND\TNEB Project\TNEB.BusinessLogics\Logics\Registration.cs:line 59
  Exception data:
    Severity: ERROR
    SqlState: 22001
    MessageText: value too long for type character varying(30)
    File: varchar.c
    Line: 635
    Routine: varchar
2024-11-04 14:45:17.819 +05:30 [INF] This is an Registerationform Internal Server enters
2024-11-04 14:47:18.346 +05:30 [INF] Application starting up...
2024-11-04 14:47:19.072 +05:30 [WRN] Overriding address(es) 'http://*:5000'. Binding to endpoints defined via IConfiguration and/or UseKestrel() instead.
2024-11-04 14:47:34.333 +05:30 [INF] This is an Registerationform enters
2024-11-04 14:47:34.344 +05:30 [INF] This is an Registerationform try enters
2024-11-04 14:47:35.538 +05:30 [INF] This is an AddRegistrationAsync method enters
2024-11-04 14:47:35.582 +05:30 [INF] This is an AddRegistrationAsync try enters
2024-11-04 14:47:35.587 +05:30 [INF] This is an AddRegistrationAsync dbconnection enters Host=localhost;Database=TNEB;Username=postgres;Password=admin@123
2024-11-04 14:49:46.907 +05:30 [INF] Application starting up...
2024-11-04 14:49:47.702 +05:30 [WRN] Overriding address(es) 'http://*:5000'. Binding to endpoints defined via IConfiguration and/or UseKestrel() instead.
2024-11-04 14:50:18.150 +05:30 [INF] This is an Registerationform enters
2024-11-04 14:50:18.186 +05:30 [INF] This is an Registerationform try enters
2024-11-04 14:50:19.658 +05:30 [INF] This is an AddRegistrationAsync method enters
2024-11-04 14:50:19.702 +05:30 [INF] This is an AddRegistrationAsync try enters
2024-11-04 14:50:19.704 +05:30 [INF] This is an AddRegistrationAsync dbconnection enters Host=localhost;Database=TNEB;Username=postgres;Password=admin@123
2024-11-04 14:50:50.286 +05:30 [INF] This is an AddRegistrationAsync catch enters
2024-11-04 14:50:51.564 +05:30 [INF] This is an Registerationform success enters
2024-11-04 15:14:48.153 +05:30 [INF] This is an Registerationform enters
2024-11-04 15:14:48.197 +05:30 [INF] This is an Registerationform try enters
2024-11-04 15:14:50.122 +05:30 [INF] This is an AddRegistrationAsync method enters
2024-11-04 15:14:50.140 +05:30 [INF] This is an AddRegistrationAsync try enters
2024-11-04 15:14:50.143 +05:30 [INF] This is an AddRegistrationAsync dbconnection enters Host=localhost;Database=TNEB;Username=postgres;Password=admin@123
2024-11-04 15:14:59.128 +05:30 [INF] This is an AddRegistrationAsync catch enters
2024-11-04 15:15:00.188 +05:30 [INF] This is an Registerationform success enters
2024-11-04 15:17:48.749 +05:30 [INF] This is an Registerationform enters
2024-11-04 15:17:49.155 +05:30 [INF] This is an Registerationform try enters
2024-11-04 15:17:49.583 +05:30 [INF] This is an AddRegistrationAsync method enters
2024-11-04 15:17:49.589 +05:30 [INF] This is an AddRegistrationAsync try enters
2024-11-04 15:17:49.592 +05:30 [INF] This is an AddRegistrationAsync dbconnection enters Host=localhost;Database=TNEB;Username=postgres;Password=admin@123
2024-11-04 15:17:59.376 +05:30 [INF] This is an AddRegistrationAsync catch enters
2024-11-04 15:18:00.662 +05:30 [INF] This is an Registerationform success enters
2024-11-04 15:24:45.083 +05:30 [INF] This is an Registerationform enters
2024-11-04 15:24:45.090 +05:30 [INF] This is an Registerationform try enters
2024-11-04 15:24:46.174 +05:30 [INF] This is an AddRegistrationAsync method enters
2024-11-04 15:24:46.181 +05:30 [INF] This is an AddRegistrationAsync try enters
2024-11-04 15:24:46.186 +05:30 [INF] This is an AddRegistrationAsync dbconnection enters Host=localhost;Database=TNEB;Username=postgres;Password=admin@123
2024-11-04 15:24:52.361 +05:30 [INF] This is an AddRegistrationAsync catch enters
2024-11-04 15:24:52.982 +05:30 [INF] This is an Registerationform success enters
2024-11-04 15:48:16.658 +05:30 [INF] Application starting up...
2024-11-04 15:48:20.580 +05:30 [WRN] Overriding address(es) 'http://*:5000'. Binding to endpoints defined via IConfiguration and/or UseKestrel() instead.
2024-11-04 15:49:41.002 +05:30 [INF] This is an Registerationform enters
2024-11-04 15:49:41.033 +05:30 [INF] This is an Registerationform try enters
2024-11-04 15:49:41.728 +05:30 [INF] This is an AddRegistrationAsync method enters
2024-11-04 15:49:41.794 +05:30 [INF] This is an AddRegistrationAsync try enters
2024-11-04 15:49:41.796 +05:30 [INF] This is an AddRegistrationAsync dbconnection enters Host=localhost;Database=TNEB;Username=postgres;Password=admin@123
2024-11-04 15:49:55.959 +05:30 [INF] This is an AddRegistrationAsync catch enters
2024-11-04 15:49:57.619 +05:30 [INF] This is an Registerationform success enters
2024-11-04 16:08:20.090 +05:30 [INF] Application starting up...
2024-11-04 16:08:23.351 +05:30 [WRN] Overriding address(es) 'http://*:5000'. Binding to endpoints defined via IConfiguration and/or UseKestrel() instead.
2024-11-04 16:08:58.016 +05:30 [INF] This is an Registerationform enters
2024-11-04 16:08:58.030 +05:30 [INF] This is an Registerationform try enters
2024-11-04 16:09:01.901 +05:30 [INF] This is an AddRegistrationAsync method enters
2024-11-04 16:09:01.949 +05:30 [INF] This is an AddRegistrationAsync try enters
2024-11-04 16:09:01.952 +05:30 [INF] This is an AddRegistrationAsync dbconnection enters Host=localhost;Database=TNEB;Username=postgres;Password=admin@123
2024-11-04 16:09:28.400 +05:30 [INF] This is an AddRegistrationAsync catch enters
2024-11-04 16:09:28.407 +05:30 [INF] This is an Registerationform success enters
2024-11-04 16:28:29.933 +05:30 [INF] This is an Registerationform enters
2024-11-04 16:28:29.954 +05:30 [INF] This is an Registerationform try enters
2024-11-04 16:28:29.956 +05:30 [INF] This is an AddRegistrationAsync method enters
2024-11-04 16:28:29.966 +05:30 [INF] This is an AddRegistrationAsync try enters
2024-11-04 16:28:29.967 +05:30 [INF] This is an AddRegistrationAsync dbconnection enters Host=localhost;Database=TNEB;Username=postgres;Password=admin@123
2024-11-04 16:28:30.457 +05:30 [INF] This is an AddRegistrationAsync catch enters
2024-11-04 16:28:30.464 +05:30 [INF] This is an Registerationform success enters
2024-11-04 16:28:54.436 +05:30 [INF] This is an Registerationform enters
2024-11-04 16:28:54.437 +05:30 [INF] This is an Registerationform try enters
2024-11-04 16:28:54.438 +05:30 [INF] This is an AddRegistrationAsync method enters
2024-11-04 16:28:54.441 +05:30 [INF] This is an AddRegistrationAsync try enters
2024-11-04 16:28:54.445 +05:30 [INF] This is an AddRegistrationAsync dbconnection enters Host=localhost;Database=TNEB;Username=postgres;Password=admin@123
2024-11-04 16:28:55.650 +05:30 [INF] This is an AddRegistrationAsync catch enters Npgsql.PostgresException (0x80004005): 23505: duplicate key value violates unique constraint "registration_userid_emailid_mobileno_key"

DETAIL: Detail redacted as it may contain sensitive data. Specify 'Include Error Detail' in the connection string to include this information.
   at Npgsql.Internal.NpgsqlConnector.<ReadMessage>g__ReadMessageLong|223_0(NpgsqlConnector connector, Boolean async, DataRowLoadingMode dataRowLoadingMode, Boolean readingNotifications, Boolean isReadingPrependedMessage)
   at Npgsql.NpgsqlDataReader.<ReadMessage>g__ReadMessageSequential|44_0(NpgsqlConnector connector, Boolean async)
   at Npgsql.NpgsqlDataReader.NextResult(Boolean async, Boolean isConsuming, CancellationToken cancellationToken)
   at Npgsql.NpgsqlCommand.ExecuteReader(CommandBehavior behavior, Boolean async, CancellationToken cancellationToken)
   at Npgsql.NpgsqlCommand.ExecuteReader(CommandBehavior behavior, Boolean async, CancellationToken cancellationToken)
   at Npgsql.NpgsqlCommand.ExecuteScalar(Boolean async, CancellationToken cancellationToken)
   at TNEB.BusinessLogics.Logics.Registration.AddRegistrationAsync(RegistrationDetails registrationDetails) in D:\TNEB_WEB_BACKEND\TNEB Project\TNEB.BusinessLogics\Logics\Registration.cs:line 59
  Exception data:
    Severity: ERROR
    SqlState: 23505
    MessageText: duplicate key value violates unique constraint "registration_userid_emailid_mobileno_key"
    Detail: Detail redacted as it may contain sensitive data. Specify 'Include Error Detail' in the connection string to include this information.
    SchemaName: admin_web
    TableName: registration
    ConstraintName: registration_userid_emailid_mobileno_key
    File: nbtinsert.c
    Line: 671
    Routine: _bt_check_unique
2024-11-04 16:28:55.817 +05:30 [INF] This is an Registerationform Internal Server enters
2024-11-04 16:29:15.234 +05:30 [INF] This is an Registerationform enters
2024-11-04 16:29:15.254 +05:30 [INF] This is an Registerationform try enters
2024-11-04 16:29:15.262 +05:30 [INF] This is an AddRegistrationAsync method enters
2024-11-04 16:29:15.312 +05:30 [INF] This is an AddRegistrationAsync try enters
2024-11-04 16:29:15.317 +05:30 [INF] This is an AddRegistrationAsync dbconnection enters Host=localhost;Database=TNEB;Username=postgres;Password=admin@123
2024-11-04 16:29:15.983 +05:30 [INF] This is an AddRegistrationAsync catch enters Npgsql.PostgresException (0x80004005): 23505: duplicate key value violates unique constraint "registration_userid_emailid_mobileno_key"

DETAIL: Detail redacted as it may contain sensitive data. Specify 'Include Error Detail' in the connection string to include this information.
   at Npgsql.Internal.NpgsqlConnector.<ReadMessage>g__ReadMessageLong|223_0(NpgsqlConnector connector, Boolean async, DataRowLoadingMode dataRowLoadingMode, Boolean readingNotifications, Boolean isReadingPrependedMessage)
   at Npgsql.NpgsqlDataReader.<ReadMessage>g__ReadMessageSequential|44_0(NpgsqlConnector connector, Boolean async)
   at Npgsql.NpgsqlDataReader.NextResult(Boolean async, Boolean isConsuming, CancellationToken cancellationToken)
   at Npgsql.NpgsqlCommand.ExecuteReader(CommandBehavior behavior, Boolean async, CancellationToken cancellationToken)
   at Npgsql.NpgsqlCommand.ExecuteReader(CommandBehavior behavior, Boolean async, CancellationToken cancellationToken)
   at Npgsql.NpgsqlCommand.ExecuteScalar(Boolean async, CancellationToken cancellationToken)
   at TNEB.BusinessLogics.Logics.Registration.AddRegistrationAsync(RegistrationDetails registrationDetails) in D:\TNEB_WEB_BACKEND\TNEB Project\TNEB.BusinessLogics\Logics\Registration.cs:line 59
  Exception data:
    Severity: ERROR
    SqlState: 23505
    MessageText: duplicate key value violates unique constraint "registration_userid_emailid_mobileno_key"
    Detail: Detail redacted as it may contain sensitive data. Specify 'Include Error Detail' in the connection string to include this information.
    SchemaName: admin_web
    TableName: registration
    ConstraintName: registration_userid_emailid_mobileno_key
    File: nbtinsert.c
    Line: 671
    Routine: _bt_check_unique
2024-11-04 16:29:16.132 +05:30 [INF] This is an Registerationform Internal Server enters
2024-11-04 16:29:40.804 +05:30 [INF] This is an Registerationform enters
2024-11-04 16:29:40.811 +05:30 [INF] This is an Registerationform try enters
2024-11-04 16:29:40.816 +05:30 [INF] This is an AddRegistrationAsync method enters
2024-11-04 16:29:40.821 +05:30 [INF] This is an AddRegistrationAsync try enters
2024-11-04 16:29:40.824 +05:30 [INF] This is an AddRegistrationAsync dbconnection enters Host=localhost;Database=TNEB;Username=postgres;Password=admin@123
2024-11-04 16:29:41.313 +05:30 [INF] This is an AddRegistrationAsync catch enters Npgsql.PostgresException (0x80004005): 23505: duplicate key value violates unique constraint "registration_userid_emailid_mobileno_key"

DETAIL: Detail redacted as it may contain sensitive data. Specify 'Include Error Detail' in the connection string to include this information.
   at Npgsql.Internal.NpgsqlConnector.<ReadMessage>g__ReadMessageLong|223_0(NpgsqlConnector connector, Boolean async, DataRowLoadingMode dataRowLoadingMode, Boolean readingNotifications, Boolean isReadingPrependedMessage)
   at Npgsql.NpgsqlDataReader.<ReadMessage>g__ReadMessageSequential|44_0(NpgsqlConnector connector, Boolean async)
   at Npgsql.NpgsqlDataReader.NextResult(Boolean async, Boolean isConsuming, CancellationToken cancellationToken)
   at Npgsql.NpgsqlCommand.ExecuteReader(CommandBehavior behavior, Boolean async, CancellationToken cancellationToken)
   at Npgsql.NpgsqlCommand.ExecuteReader(CommandBehavior behavior, Boolean async, CancellationToken cancellationToken)
   at Npgsql.NpgsqlCommand.ExecuteScalar(Boolean async, CancellationToken cancellationToken)
   at TNEB.BusinessLogics.Logics.Registration.AddRegistrationAsync(RegistrationDetails registrationDetails) in D:\TNEB_WEB_BACKEND\TNEB Project\TNEB.BusinessLogics\Logics\Registration.cs:line 59
  Exception data:
    Severity: ERROR
    SqlState: 23505
    MessageText: duplicate key value violates unique constraint "registration_userid_emailid_mobileno_key"
    Detail: Detail redacted as it may contain sensitive data. Specify 'Include Error Detail' in the connection string to include this information.
    SchemaName: admin_web
    TableName: registration
    ConstraintName: registration_userid_emailid_mobileno_key
    File: nbtinsert.c
    Line: 671
    Routine: _bt_check_unique
2024-11-04 16:29:41.440 +05:30 [INF] This is an Registerationform Internal Server enters
2024-11-04 16:32:57.747 +05:30 [INF] This is an Registerationform enters
2024-11-04 16:32:57.754 +05:30 [INF] This is an Registerationform try enters
2024-11-04 16:32:57.758 +05:30 [INF] This is an AddRegistrationAsync method enters
2024-11-04 16:32:57.763 +05:30 [INF] This is an AddRegistrationAsync try enters
2024-11-04 16:32:57.766 +05:30 [INF] This is an AddRegistrationAsync dbconnection enters Host=localhost;Database=TNEB;Username=postgres;Password=admin@123
2024-11-04 16:32:58.324 +05:30 [INF] This is an AddRegistrationAsync catch enters Npgsql.PostgresException (0x80004005): 23505: duplicate key value violates unique constraint "registration_userid_emailid_mobileno_key"

DETAIL: Detail redacted as it may contain sensitive data. Specify 'Include Error Detail' in the connection string to include this information.
   at Npgsql.Internal.NpgsqlConnector.<ReadMessage>g__ReadMessageLong|223_0(NpgsqlConnector connector, Boolean async, DataRowLoadingMode dataRowLoadingMode, Boolean readingNotifications, Boolean isReadingPrependedMessage)
   at Npgsql.NpgsqlDataReader.<ReadMessage>g__ReadMessageSequential|44_0(NpgsqlConnector connector, Boolean async)
   at Npgsql.NpgsqlDataReader.NextResult(Boolean async, Boolean isConsuming, CancellationToken cancellationToken)
   at Npgsql.NpgsqlCommand.ExecuteReader(CommandBehavior behavior, Boolean async, CancellationToken cancellationToken)
   at Npgsql.NpgsqlCommand.ExecuteReader(CommandBehavior behavior, Boolean async, CancellationToken cancellationToken)
   at Npgsql.NpgsqlCommand.ExecuteScalar(Boolean async, CancellationToken cancellationToken)
   at TNEB.BusinessLogics.Logics.Registration.AddRegistrationAsync(RegistrationDetails registrationDetails) in D:\TNEB_WEB_BACKEND\TNEB Project\TNEB.BusinessLogics\Logics\Registration.cs:line 59
  Exception data:
    Severity: ERROR
    SqlState: 23505
    MessageText: duplicate key value violates unique constraint "registration_userid_emailid_mobileno_key"
    Detail: Detail redacted as it may contain sensitive data. Specify 'Include Error Detail' in the connection string to include this information.
    SchemaName: admin_web
    TableName: registration
    ConstraintName: registration_userid_emailid_mobileno_key
    File: nbtinsert.c
    Line: 671
    Routine: _bt_check_unique
2024-11-04 16:32:58.439 +05:30 [INF] This is an Registerationform Internal Server enters
2024-11-04 16:34:10.359 +05:30 [INF] Application starting up...
2024-11-04 16:34:11.413 +05:30 [WRN] Overriding address(es) 'http://*:5000'. Binding to endpoints defined via IConfiguration and/or UseKestrel() instead.
2024-11-04 16:34:26.444 +05:30 [INF] This is an Registerationform enters
2024-11-04 16:34:26.462 +05:30 [INF] This is an Registerationform try enters
2024-11-04 16:34:26.562 +05:30 [INF] This is an AddRegistrationAsync method enters
2024-11-04 16:34:26.629 +05:30 [INF] This is an AddRegistrationAsync try enters
2024-11-04 16:34:26.632 +05:30 [INF] This is an AddRegistrationAsync dbconnection enters Host=localhost;Database=TNEB;Username=postgres;Password=admin@123
2024-11-04 16:34:31.643 +05:30 [INF] This is an AddRegistrationAsync catch enters Npgsql.PostgresException (0x80004005): 23505: duplicate key value violates unique constraint "registration_userid_emailid_mobileno_key"

DETAIL: Detail redacted as it may contain sensitive data. Specify 'Include Error Detail' in the connection string to include this information.
   at Npgsql.Internal.NpgsqlConnector.<ReadMessage>g__ReadMessageLong|223_0(NpgsqlConnector connector, Boolean async, DataRowLoadingMode dataRowLoadingMode, Boolean readingNotifications, Boolean isReadingPrependedMessage)
   at Npgsql.NpgsqlDataReader.<ReadMessage>g__ReadMessageSequential|44_0(NpgsqlConnector connector, Boolean async)
   at Npgsql.NpgsqlDataReader.NextResult(Boolean async, Boolean isConsuming, CancellationToken cancellationToken)
   at Npgsql.NpgsqlCommand.ExecuteReader(CommandBehavior behavior, Boolean async, CancellationToken cancellationToken)
   at Npgsql.NpgsqlCommand.ExecuteReader(CommandBehavior behavior, Boolean async, CancellationToken cancellationToken)
   at Npgsql.NpgsqlCommand.ExecuteScalar(Boolean async, CancellationToken cancellationToken)
   at TNEB.BusinessLogics.Logics.Registration.AddRegistrationAsync(RegistrationDetails registrationDetails) in D:\TNEB_WEB_BACKEND\TNEB Project\TNEB.BusinessLogics\Logics\Registration.cs:line 59
  Exception data:
    Severity: ERROR
    SqlState: 23505
    MessageText: duplicate key value violates unique constraint "registration_userid_emailid_mobileno_key"
    Detail: Detail redacted as it may contain sensitive data. Specify 'Include Error Detail' in the connection string to include this information.
    SchemaName: admin_web
    TableName: registration
    ConstraintName: registration_userid_emailid_mobileno_key
    File: nbtinsert.c
    Line: 671
    Routine: _bt_check_unique
2024-11-04 16:34:31.741 +05:30 [INF] This is an Registerationform Internal Server enters
2024-11-04 16:34:50.565 +05:30 [INF] This is an Registerationform enters
2024-11-04 16:34:50.567 +05:30 [INF] This is an Registerationform try enters
2024-11-04 16:34:50.575 +05:30 [INF] This is an AddRegistrationAsync method enters
2024-11-04 16:34:50.578 +05:30 [INF] This is an AddRegistrationAsync try enters
2024-11-04 16:34:50.579 +05:30 [INF] This is an AddRegistrationAsync dbconnection enters Host=localhost;Database=TNEB;Username=postgres;Password=admin@123
2024-11-04 16:34:50.996 +05:30 [INF] This is an AddRegistrationAsync catch enters Npgsql.PostgresException (0x80004005): 23505: duplicate key value violates unique constraint "registration_userid_emailid_mobileno_key"

DETAIL: Detail redacted as it may contain sensitive data. Specify 'Include Error Detail' in the connection string to include this information.
   at Npgsql.Internal.NpgsqlConnector.<ReadMessage>g__ReadMessageLong|223_0(NpgsqlConnector connector, Boolean async, DataRowLoadingMode dataRowLoadingMode, Boolean readingNotifications, Boolean isReadingPrependedMessage)
   at Npgsql.NpgsqlDataReader.<ReadMessage>g__ReadMessageSequential|44_0(NpgsqlConnector connector, Boolean async)
   at Npgsql.NpgsqlDataReader.NextResult(Boolean async, Boolean isConsuming, CancellationToken cancellationToken)
   at Npgsql.NpgsqlCommand.ExecuteReader(CommandBehavior behavior, Boolean async, CancellationToken cancellationToken)
   at Npgsql.NpgsqlCommand.ExecuteReader(CommandBehavior behavior, Boolean async, CancellationToken cancellationToken)
   at Npgsql.NpgsqlCommand.ExecuteScalar(Boolean async, CancellationToken cancellationToken)
   at TNEB.BusinessLogics.Logics.Registration.AddRegistrationAsync(RegistrationDetails registrationDetails) in D:\TNEB_WEB_BACKEND\TNEB Project\TNEB.BusinessLogics\Logics\Registration.cs:line 59
  Exception data:
    Severity: ERROR
    SqlState: 23505
    MessageText: duplicate key value violates unique constraint "registration_userid_emailid_mobileno_key"
    Detail: Detail redacted as it may contain sensitive data. Specify 'Include Error Detail' in the connection string to include this information.
    SchemaName: admin_web
    TableName: registration
    ConstraintName: registration_userid_emailid_mobileno_key
    File: nbtinsert.c
    Line: 671
    Routine: _bt_check_unique
2024-11-04 16:34:51.142 +05:30 [INF] This is an Registerationform Internal Server enters
2024-11-04 16:37:50.466 +05:30 [INF] Application starting up...
2024-11-04 16:37:51.863 +05:30 [WRN] Overriding address(es) 'http://*:5000'. Binding to endpoints defined via IConfiguration and/or UseKestrel() instead.
2024-11-04 16:38:16.564 +05:30 [INF] This is an Registerationform enters
2024-11-04 16:38:16.591 +05:30 [INF] This is an Registerationform try enters
2024-11-04 16:38:16.723 +05:30 [INF] This is an AddRegistrationAsync method enters
2024-11-04 16:38:16.814 +05:30 [INF] This is an AddRegistrationAsync try enters
2024-11-04 16:38:16.816 +05:30 [INF] This is an AddRegistrationAsync dbconnection enters Host=localhost;Database=TNEB;Username=postgres;Password=admin@123
2024-11-04 16:38:18.773 +05:30 [INF] This is an AddRegistrationAsync catch enters
2024-11-04 16:38:18.782 +05:30 [INF] This is an Registerationform success enters
2024-11-04 17:14:57.375 +05:30 [INF] This is an Registerationform enters
2024-11-04 17:14:57.389 +05:30 [INF] This is an Registerationform try enters
2024-11-04 17:14:57.391 +05:30 [INF] This is an AddRegistrationAsync method enters
2024-11-04 17:14:57.403 +05:30 [INF] This is an AddRegistrationAsync try enters
2024-11-04 17:14:57.405 +05:30 [INF] This is an AddRegistrationAsync dbconnection enters Host=localhost;Database=TNEB;Username=postgres;Password=admin@123
2024-11-04 17:14:57.926 +05:30 [INF] This is an AddRegistrationAsync catch enters
2024-11-04 17:14:57.927 +05:30 [INF] This is an Registerationform success enters
